<?xml version="1.0" encoding="UTF-8"?>
<testng-results ignored="0" total="1" passed="1" failed="0" skipped="0">
  <reporter-output>
  </reporter-output>
  <suite started-at="2026-05-22T08:50:00 IST" name="Suite" finished-at="2026-05-22T08:50:10 IST" duration-ms="10493">
    <groups>
    </groups>
    <test started-at="2026-05-22T08:50:00 IST" name="Test" finished-at="2026-05-22T08:50:10 IST" duration-ms="10493">
      <class name="org.testrepo.Testrepo">
        <test-method is-config="true" signature="setup()[pri:0, instance:org.testrepo.Testrepo@2a4fb17b]" started-at="2026-05-22T08:50:00 IST" name="setup" finished-at="2026-05-22T08:50:09 IST" duration-ms="8794" status="PASS">
          <reporter-output>
          </reporter-output>
        </test-method> <!-- setup -->
        <test-method signature="TC001()[pri:0, instance:org.testrepo.Testrepo@2a4fb17b]" started-at="2026-05-22T08:50:09 IST" name="TC001" finished-at="2026-05-22T08:50:10 IST" duration-ms="1519" status="PASS">
          <reporter-output>
          </reporter-output>
        </test-method> <!-- TC001 -->
        <test-method is-config="true" signature="tearDown()[pri:0, instance:org.testrepo.Testrepo@2a4fb17b]" started-at="2026-05-22T08:50:10 IST" name="tearDown" finished-at="2026-05-22T08:50:10 IST" duration-ms="138" status="PASS">
          <reporter-output>
          </reporter-output>
        </test-method> <!-- tearDown -->
      </class> <!-- org.testrepo.Testrepo -->
    </test> <!-- Test -->
  </suite> <!-- Suite -->
</testng-results>
